Determining if the pthread_create exist failed with the following output:
Change Dir: /home/deepmind/mont/worktree/B4/B4a/build/CMakeFiles/CMakeTmp

Run Build Command:"/usr/bin/make" "cmTC_a39e2/fast"
/usr/bin/make -f CMakeFiles/cmTC_a39e2.dir/build.make CMakeFiles/cmTC_a39e2.dir/build
make[1]: 进入目录“/home/deepmind/mont/worktree/B4/B4a/build/CMakeFiles/CMakeTmp”
Building C object CMakeFiles/cmTC_a39e2.dir/CheckSymbolExists.c.o
/usr/bin/cc    -o CMakeFiles/cmTC_a39e2.dir/CheckSymbolExists.c.o   -c /home/deepmind/mont/worktree/B4/B4a/build/CMakeFiles/CMakeTmp/CheckSymbolExists.c
Linking C executable cmTC_a39e2
/usr/bin/cmake -E cmake_link_script CMakeFiles/cmTC_a39e2.dir/link.txt --verbose=1
/usr/bin/cc      CMakeFiles/cmTC_a39e2.dir/CheckSymbolExists.c.o  -o cmTC_a39e2 
CMakeFiles/cmTC_a39e2.dir/CheckSymbolExists.c.o：在函数‘main’中：
CheckSymbolExists.c:(.text+0x1b)：对‘pthread_create’未定义的引用
collect2: error: ld returned 1 exit status
CMakeFiles/cmTC_a39e2.dir/build.make:97: recipe for target 'cmTC_a39e2' failed
make[1]: *** [cmTC_a39e2] Error 1
make[1]: 离开目录“/home/deepmind/mont/worktree/B4/B4a/build/CMakeFiles/CMakeTmp”
Makefile:126: recipe for target 'cmTC_a39e2/fast' failed
make: *** [cmTC_a39e2/fast] Error 2

File /home/deepmind/mont/worktree/B4/B4a/build/CMakeFiles/CMakeTmp/CheckSymbolExists.c:
/* */
#include <pthread.h>

int main(int argc, char** argv)
{
  (void)argv;
#ifndef pthread_create
  return ((int*)(&pthread_create))[argc];
#else
  (void)argc;
  return 0;
#endif
}

